<?xml version="1.0" encoding="UTF-8"?>
<!-- Generated by org.testng.reporters.JUnitXMLReporter -->
<testsuite hostname="Walkingtree-PC" ignored="0" name="Default test" tests="2" failures="0" timestamp="02 Mar 2018 12:32:16 GMT" time="14.917" errors="0">
  <testcase name="enterFlipCartUrl" time="14.882" classname="dummyProject.flipcartTestCaseAutomation"/>
  <testcase name="mouseOverOnElectronic_StoreTextInTextFile" time="0.002" classname="dummyProject.flipcartTestCaseAutomation"/>
</testsuite> <!-- Default test -->
