<?xml version="1.0" encoding="UTF-8"?>
<!-- Generated by org.testng.reporters.JUnitXMLReporter -->
<testsuite hostname="Murari-PC" ignored="0" name="basiccode" tests="9" failures="0" timestamp="04 Mar 2018 16:19:00 GMT" time="191.374" errors="0">
  <testcase name="enterFlipCartUrl" time="53.656" classname="dummyProject.flipcartTestCaseAutomation"/>
  <testcase name="mouseOverOnElectronic_StoreTextInTextFile" time="4.848" classname="dummyProject.flipcartTestCaseAutomation"/>
  <testcase name="selectPriceRange" time="4.653" classname="dummyProject.flipcartTestCaseAutomation"/>
  <testcase name="selectMobileBrandAsSamsung" time="1.12" classname="dummyProject.flipcartTestCaseAutomation"/>
  <testcase name="checkAllSamsungMobileDisplayOrNot" time="1.043" classname="dummyProject.flipcartTestCaseAutomation"/>
  <testcase name="ClickOnFistSamsungMobileIfItIsNotOutOfStock" time="25.825" classname="dummyProject.flipcartTestCaseAutomation"/>
  <testcase name="addMobileToCart" time="27.813" classname="dummyProject.flipcartTestCaseAutomation"/>
  <testcase name="placeOrder" time="70.236" classname="dummyProject.flipcartTestCaseAutomation"/>
  <testcase name="enterMobileOrPhoneNumber" time="1.935" classname="dummyProject.flipcartTestCaseAutomation"/>
</testsuite> <!-- basiccode -->
