<?xml version="1.0" encoding="UTF-8"?>
<!-- Generated by org.testng.reporters.JUnitXMLReporter -->
<testsuite hostname="Murari-PC" ignored="0" name="chrome" tests="9" failures="0" timestamp="04 Mar 2018 17:15:53 GMT" time="287.535" errors="0">
  <testcase name="enterFlipCartUrl" time="75.933" classname="dummyProject.flipcartTestCaseAutomation"/>
  <testcase name="mouseOverOnElectronic_StoreTextInTextFile" time="8.03" classname="dummyProject.flipcartTestCaseAutomation"/>
  <testcase name="selectPriceRange" time="1.906" classname="dummyProject.flipcartTestCaseAutomation"/>
  <testcase name="selectMobileBrandAsSamsung" time="1.49" classname="dummyProject.flipcartTestCaseAutomation"/>
  <testcase name="checkAllSamsungMobileDisplayOrNot" time="3.889" classname="dummyProject.flipcartTestCaseAutomation"/>
  <testcase name="ClickOnFistSamsungMobileIfItIsNotOutOfStock" time="26.545" classname="dummyProject.flipcartTestCaseAutomation"/>
  <testcase name="addMobileToCart" time="14.11" classname="dummyProject.flipcartTestCaseAutomation"/>
  <testcase name="placeOrder" time="151.223" classname="dummyProject.flipcartTestCaseAutomation"/>
  <testcase name="enterMobileOrPhoneNumber" time="4.059" classname="dummyProject.flipcartTestCaseAutomation"/>
</testsuite> <!-- chrome -->
