<?xml version="1.0" encoding="UTF-8"?>
<testng-results skipped="0" failed="0" ignored="0" total="2" passed="2">
  <reporter-output>
  </reporter-output>
  <suite name="Default suite" duration-ms="14917" started-at="2018-03-02T12:32:02Z" finished-at="2018-03-02T12:32:16Z">
    <groups>
    </groups>
    <test name="Default test" duration-ms="14917" started-at="2018-03-02T12:32:02Z" finished-at="2018-03-02T12:32:16Z">
      <class name="dummyProject.flipcartTestCaseAutomation">
        <test-method status="PASS" signature="OpenBrowser(java.lang.String)[pri:0, instance:dummyProject.flipcartTestCaseAutomation@71318ec4]" name="OpenBrowser" is-config="true" duration-ms="5348" started-at="2018-03-02T18:01:56Z" finished-at="2018-03-02T18:02:02Z">
          <params>
            <param index="0">
              <value>
                <![CDATA[chrome]]>
              </value>
            </param>
          </params>
          <reporter-output>
          </reporter-output>
        </test-method> <!-- OpenBrowser -->
        <test-method status="PASS" signature="enterFlipCartUrl()[pri:1, instance:dummyProject.flipcartTestCaseAutomation@71318ec4]" name="enterFlipCartUrl" duration-ms="14882" started-at="2018-03-02T18:02:02Z" finished-at="2018-03-02T18:02:16Z">
          <reporter-output>
          </reporter-output>
        </test-method> <!-- enterFlipCartUrl -->
        <test-method status="PASS" signature="getMethodName(java.lang.reflect.Method)[pri:0, instance:dummyProject.flipcartTestCaseAutomation@71318ec4]" name="getMethodName" is-config="true" duration-ms="0" started-at="2018-03-02T18:02:02Z" finished-at="2018-03-02T18:02:02Z">
          <params>
            <param index="0">
              <value>
                <![CDATA[public void dummyProject.flipcartTestCaseAutomation.enterFlipCartUrl() throws java.io.IOException]]>
              </value>
            </param>
          </params>
          <reporter-output>
          </reporter-output>
        </test-method> <!-- getMethodName -->
        <test-method status="PASS" signature="getMethodName2(java.lang.reflect.Method)[pri:0, instance:dummyProject.flipcartTestCaseAutomation@71318ec4]" name="getMethodName2" is-config="true" duration-ms="0" started-at="2018-03-02T18:02:16Z" finished-at="2018-03-02T18:02:16Z">
          <params>
            <param index="0">
              <value>
                <![CDATA[public void dummyProject.flipcartTestCaseAutomation.enterFlipCartUrl() throws java.io.IOException]]>
              </value>
            </param>
          </params>
          <reporter-output>
          </reporter-output>
        </test-method> <!-- getMethodName2 -->
        <test-method status="PASS" signature="takeFailureTestCaseScreenShot(org.testng.ITestResult)[pri:0, instance:dummyProject.flipcartTestCaseAutomation@71318ec4]" name="takeFailureTestCaseScreenShot" is-config="true" duration-ms="1" started-at="2018-03-02T18:02:16Z" finished-at="2018-03-02T18:02:16Z">
          <params>
            <param index="0">
              <value>
                <![CDATA[[TestResult name=enterFlipCartUrl status=SUCCESS method=flipcartTestCaseAutomation.enterFlipCartUrl()[pri:1, instance:dummyProject.flipcartTestCaseAutomation@71318ec4] output={null}]]]>
              </value>
            </param>
          </params>
          <reporter-output>
          </reporter-output>
        </test-method> <!-- takeFailureTestCaseScreenShot -->
        <test-method status="PASS" signature="getMethodName(java.lang.reflect.Method)[pri:0, instance:dummyProject.flipcartTestCaseAutomation@71318ec4]" name="getMethodName" is-config="true" duration-ms="0" started-at="2018-03-02T18:02:16Z" finished-at="2018-03-02T18:02:16Z">
          <params>
            <param index="0">
              <value>
                <![CDATA[public void dummyProject.flipcartTestCaseAutomation.mouseOverOnElectronic_StoreTextInTextFile()]]>
              </value>
            </param>
          </params>
          <reporter-output>
          </reporter-output>
        </test-method> <!-- getMethodName -->
        <test-method status="PASS" signature="mouseOverOnElectronic_StoreTextInTextFile()[pri:2, instance:dummyProject.flipcartTestCaseAutomation@71318ec4]" name="mouseOverOnElectronic_StoreTextInTextFile" duration-ms="2" started-at="2018-03-02T18:02:16Z" finished-at="2018-03-02T18:02:16Z">
          <reporter-output>
          </reporter-output>
        </test-method> <!-- mouseOverOnElectronic_StoreTextInTextFile -->
        <test-method status="PASS" signature="getMethodName2(java.lang.reflect.Method)[pri:0, instance:dummyProject.flipcartTestCaseAutomation@71318ec4]" name="getMethodName2" is-config="true" duration-ms="1" started-at="2018-03-02T18:02:16Z" finished-at="2018-03-02T18:02:16Z">
          <params>
            <param index="0">
              <value>
                <![CDATA[public void dummyProject.flipcartTestCaseAutomation.mouseOverOnElectronic_StoreTextInTextFile()]]>
              </value>
            </param>
          </params>
          <reporter-output>
          </reporter-output>
        </test-method> <!-- getMethodName2 -->
        <test-method status="PASS" signature="takeFailureTestCaseScreenShot(org.testng.ITestResult)[pri:0, instance:dummyProject.flipcartTestCaseAutomation@71318ec4]" name="takeFailureTestCaseScreenShot" is-config="true" duration-ms="1" started-at="2018-03-02T18:02:16Z" finished-at="2018-03-02T18:02:16Z">
          <params>
            <param index="0">
              <value>
                <![CDATA[[TestResult name=mouseOverOnElectronic_StoreTextInTextFile status=SUCCESS method=flipcartTestCaseAutomation.mouseOverOnElectronic_StoreTextInTextFile()[pri:2, instance:dummyProject.flipcartTestCaseAutomation@71318ec4] output={null}]]]>
              </value>
            </param>
          </params>
          <reporter-output>
          </reporter-output>
        </test-method> <!-- takeFailureTestCaseScreenShot -->
        <test-method status="PASS" signature="closeBrowser()[pri:0, instance:dummyProject.flipcartTestCaseAutomation@71318ec4]" name="closeBrowser" is-config="true" duration-ms="704" started-at="2018-03-02T18:02:16Z" finished-at="2018-03-02T18:02:17Z">
          <reporter-output>
          </reporter-output>
        </test-method> <!-- closeBrowser -->
      </class> <!-- dummyProject.flipcartTestCaseAutomation -->
    </test> <!-- Default test -->
  </suite> <!-- Default suite -->
</testng-results>
